<!DOCTYPE html>
<html>
<head>
<meta http-equiv="Content-Type" content="text/html; charset=utf-8"/>
<meta http-equiv="x-ua-compatible" content="IE=edge"/>
<title>Test results - Class br.com.armange.commons.thread.async.RunnableTryAsyncBuilderTest</title>
<link href="../css/base-style.css" rel="stylesheet" type="text/css"/>
<link href="../css/style.css" rel="stylesheet" type="text/css"/>
<script src="../js/report.js" type="text/javascript"></script>
</head>
<body>
<div id="content">
<h1>Class br.com.armange.commons.thread.async.RunnableTryAsyncBuilderTest</h1>
<div class="breadcrumbs">
<a href="../index.html">all</a> &gt; 
<a href="../packages/br.com.armange.commons.thread.async.html">br.com.armange.commons.thread.async</a> &gt; RunnableTryAsyncBuilderTest</div>
<div id="summary">
<table>
<tr>
<td>
<div class="summaryGroup">
<table>
<tr>
<td>
<div class="infoBox" id="tests">
<div class="counter">6</div>
<p>tests</p>
</div>
</td>
<td>
<div class="infoBox" id="failures">
<div class="counter">0</div>
<p>failures</p>
</div>
</td>
<td>
<div class="infoBox" id="ignored">
<div class="counter">0</div>
<p>ignored</p>
</div>
</td>
<td>
<div class="infoBox" id="duration">
<div class="counter">13.415s</div>
<p>duration</p>
</div>
</td>
</tr>
</table>
</div>
</td>
<td>
<div class="infoBox success" id="successRate">
<div class="percent">100%</div>
<p>successful</p>
</div>
</td>
</tr>
</table>
</div>
<div id="tabs">
<ul class="tabLinks">
<li>
<a href="#tab0">Tests</a>
</li>
<li>
<a href="#tab1">Standard output</a>
</li>
<li>
<a href="#tab2">Standard error</a>
</li>
</ul>
<div id="tab0" class="tab">
<h2>Tests</h2>
<table>
<thead>
<tr>
<th>Test</th>
<th>Duration</th>
<th>Result</th>
</tr>
</thead>
<tr>
<td class="success">shouldTryRunnableWithExceptionAndCatchingItAndFinalizer</td>
<td class="success">7.357s</td>
<td class="success">passed</td>
</tr>
<tr>
<td class="success">shouldTryRunnableWithExceptionAndCatchingItAndRethrowingAndFinalizer</td>
<td class="success">2.005s</td>
<td class="success">passed</td>
</tr>
<tr>
<td class="success">shouldTryRunnableWithExceptionAndCatchingItWithoutFinalizer</td>
<td class="success">1.002s</td>
<td class="success">passed</td>
</tr>
<tr>
<td class="success">shouldTryRunnableWithExceptionWithoutCatchingItAndFinalizer</td>
<td class="success">1.026s</td>
<td class="success">passed</td>
</tr>
<tr>
<td class="success">shouldTryRunnableWithoutExceptionWithFinalizer</td>
<td class="success">1.003s</td>
<td class="success">passed</td>
</tr>
<tr>
<td class="success">shouldTryRunnableWithoutExceptionsWithoutFinalizer</td>
<td class="success">1.022s</td>
<td class="success">passed</td>
</tr>
</table>
</div>
<div id="tab1" class="tab">
<h2>Standard output</h2>
<span class="code">
<pre>An exception will be thrown!
java.util.concurrent.ExecutionException -&gt; This Exception was expected.
SimpleRunnable class was executed successfully
An exception will be thrown!
java.util.concurrent.ExecutionException -&gt; This Exception was expected.
RunnableWithDeay class was executed successfully
An exception will be thrown!
SimpleRunnable class was executed successfully
An exception will be thrown!
SimpleRunnable class was executed successfully
RunnableWithDeay class was executed successfully
SimpleRunnable class was executed successfully
</pre>
</span>
</div>
<div id="tab2" class="tab">
<h2>Standard error</h2>
<span class="code">
<pre>[Thread-8] ERROR br.com.armange.commons.thread.core.ScheduledThreadBuilderExecutor - java.util.concurrent.ExecutionException: br.com.armange.commons.thread.async.AsyncRuntimeException: java.lang.RuntimeException: This is a expected esception.
java.lang.RuntimeException: java.util.concurrent.ExecutionException: br.com.armange.commons.thread.async.AsyncRuntimeException: java.lang.RuntimeException: This is a expected esception.
	at br.com.armange.commons.thread.ExceptionConsumerThrowingException.accept(ExceptionConsumerThrowingException.java:8)
	at br.com.armange.commons.thread.ExceptionConsumerThrowingException.accept(ExceptionConsumerThrowingException.java:5)
	at br.com.armange.commons.thread.async.AbstractTryAsyncBuilder.lambda$catchException$5(AbstractTryAsyncBuilder.java:188)
	at java.base/java.util.Optional.ifPresent(Optional.java:183)
	at br.com.armange.commons.thread.async.AbstractTryAsyncBuilder.lambda$consumeExceptionIfExists$3(AbstractTryAsyncBuilder.java:152)
	at br.com.armange.commons.thread.builder.AbstractThreadBuilder.lambda$handleException$5(AbstractThreadBuilder.java:320)
	at br.com.armange.commons.thread.core.ScheduledThreadBuilderExecutor.lambda$afterExecute$0(ScheduledThreadBuilderExecutor.java:89)
	at java.base/java.lang.Iterable.forEach(Iterable.java:75)
	at br.com.armange.commons.thread.core.ScheduledThreadBuilderExecutor.afterExecute(ScheduledThreadBuilderExecutor.java:87)
	at java.base/java.util.concurrent.ThreadPoolExecutor.runWorker(ThreadPoolExecutor.java:1129)
	at java.base/java.util.concurrent.ThreadPoolExecutor$Worker.run(ThreadPoolExecutor.java:628)
	at java.base/java.lang.Thread.run(Thread.java:829)
Caused by: java.util.concurrent.ExecutionException: br.com.armange.commons.thread.async.AsyncRuntimeException: java.lang.RuntimeException: This is a expected esception.
	at java.base/java.util.concurrent.FutureTask.report(FutureTask.java:122)
	at java.base/java.util.concurrent.FutureTask.get(FutureTask.java:191)
	at br.com.armange.commons.thread.builder.AbstractThreadBuilder.consumesFuture(AbstractThreadBuilder.java:349)
	at br.com.armange.commons.thread.builder.AbstractThreadBuilder.lambda$handleException$5(AbstractThreadBuilder.java:316)
	... 6 more
Caused by: br.com.armange.commons.thread.async.AsyncRuntimeException: java.lang.RuntimeException: This is a expected esception.
	at br.com.armange.commons.thread.async.AbstractTryAsyncBuilder.lambda$execute$0(AbstractTryAsyncBuilder.java:98)
	at java.base/java.util.concurrent.Executors$RunnableAdapter.call(Executors.java:515)
	at java.base/java.util.concurrent.FutureTask.run(FutureTask.java:264)
	at java.base/java.util.concurrent.ScheduledThreadPoolExecutor$ScheduledFutureTask.run(ScheduledThreadPoolExecutor.java:304)
	at java.base/java.util.concurrent.ThreadPoolExecutor.runWorker(ThreadPoolExecutor.java:1128)
	... 2 more
Caused by: java.lang.RuntimeException: This is a expected esception.
	at br.com.armange.commons.thread.RunnableWithDelayAndException.run(RunnableWithDelayAndException.java:16)
	at br.com.armange.commons.thread.async.AbstractTryAsyncBuilder.lambda$execute$0(AbstractTryAsyncBuilder.java:96)
	... 6 more
</pre>
</span>
</div>
</div>
<div id="footer">
<p>
<div>
<label class="hidden" id="label-for-line-wrapping-toggle" for="line-wrapping-toggle">Wrap lines
<input id="line-wrapping-toggle" type="checkbox" autocomplete="off"/>
</label>
</div>Generated by 
<a href="http://www.gradle.org">Gradle 6.9.2</a> at Feb 1, 2022, 12:10:40 AM</p>
</div>
</div>
</body>
</html>
